{"level":"error","message":"Redis client error: AggregateError","timestamp":"2026-04-01T05:36:18.767Z"}
{"level":"error","message":"Redis client error: AggregateError","timestamp":"2026-04-01T05:36:19.021Z"}
{"level":"error","message":"Redis client error: AggregateError","timestamp":"2026-04-01T05:36:19.210Z"}
{"level":"error","message":"Redis client error: AggregateError","timestamp":"2026-04-01T05:36:19.604Z"}
{"level":"error","message":"Redis client error: AggregateError","timestamp":"2026-04-01T05:36:20.183Z"}
{"level":"error","message":"Redis client error: AggregateError","timestamp":"2026-04-01T05:36:21.029Z"}
{"level":"error","message":"Error during user registration : insert into \"users\" (\"address\", \"email\", \"name\", \"password\", \"role\") values ($1, $2, $3, $4, $5) returning \"id\", \"name\", \"role\", \"email\", \"address\" - duplicate key value violates unique constraint \"users_email_unique\"","timestamp":"2026-04-01T05:37:39.487Z"}
{"level":"error","message":"Brute-force attack detected from IP: ::ffff:127.0.0.1","timestamp":"2026-04-01T05:37:40.151Z"}
{"level":"error","message":"Brute-force attack detected from IP: ::ffff:127.0.0.1","timestamp":"2026-04-01T05:37:40.167Z"}
{"level":"error","message":"Brute-force attack detected from IP: ::ffff:127.0.0.1","timestamp":"2026-04-01T05:37:40.183Z"}
{"level":"error","message":"Brute-force attack detected from IP: ::ffff:127.0.0.1","timestamp":"2026-04-01T05:37:40.199Z"}
{"level":"error","message":"Brute-force attack detected from IP: ::ffff:127.0.0.1","timestamp":"2026-04-01T05:37:40.214Z"}
{"level":"error","message":"Brute-force attack detected from IP: ::ffff:127.0.0.1","timestamp":"2026-04-01T05:37:40.229Z"}
{"level":"error","message":"Error during user registration : insert into \"users\" (\"address\", \"email\", \"name\", \"password\", \"role\") values ($1, $2, $3, $4, $5) returning \"id\", \"name\", \"role\", \"email\", \"address\" - duplicate key value violates unique constraint \"users_email_unique\"","timestamp":"2026-04-01T05:39:28.169Z"}
{"level":"error","message":"Error during user registration : insert into \"users\" (\"address\", \"email\", \"name\", \"password\", \"role\") values ($1, $2, $3, $4, $5) returning \"id\", \"name\", \"role\", \"email\", \"address\" - duplicate key value violates unique constraint \"users_email_unique\"","timestamp":"2026-04-01T05:42:04.582Z"}
{"level":"error","message":"Error during user registration : insert into \"users\" (\"address\", \"email\", \"name\", \"password\", \"role\") values (DEFAULT, $1, $2, $3, $4) returning \"id\", \"name\", \"role\", \"email\", \"address\" - duplicate key value violates unique constraint \"users_email_unique\"","timestamp":"2026-04-01T05:46:37.678Z"}
{"level":"error","message":"Error during user registration : Cannot destructure property 'name' of 'req.body' as it is undefined.","timestamp":"2026-04-01T05:47:59.381Z"}
{"level":"error","message":"Error during user registration : insert into \"users\" (\"address\", \"email\", \"name\", \"password\", \"role\") values (DEFAULT, $1, $2, $3, $4) returning \"id\", \"name\", \"role\", \"email\", \"address\" - duplicate key value violates unique constraint \"users_email_unique\"","timestamp":"2026-04-01T06:18:46.017Z"}
{"level":"error","message":"Error during user registration : insert into \"users\" (\"address\", \"email\", \"name\", \"password\", \"role\") values (DEFAULT, $1, $2, $3, $4) returning \"id\", \"name\", \"role\", \"email\", \"address\" - duplicate key value violates unique constraint \"users_email_unique\"","timestamp":"2026-04-01T06:29:50.845Z"}
{"level":"error","message":"Error during user registration : insert into \"users\" (\"address\", \"email\", \"name\", \"password\", \"role\") values ($1, $2, $3, $4, $5) returning \"id\", \"name\", \"role\", \"email\", \"address\" - duplicate key value violates unique constraint \"users_email_unique\"","timestamp":"2026-04-01T06:30:49.083Z"}
{"level":"error","message":"Error during user registration : insert into \"users\" (\"address\", \"email\", \"name\", \"password\", \"role\") values (DEFAULT, $1, $2, $3, $4) returning \"id\", \"name\", \"role\", \"email\", \"address\" - duplicate key value violates unique constraint \"users_email_unique\"","timestamp":"2026-04-01T06:30:49.310Z"}
{"level":"error","message":"Error during user registration : insert into \"users\" (\"address\", \"email\", \"name\", \"password\", \"role\") values (DEFAULT, $1, $2, $3, $4) returning \"id\", \"name\", \"role\", \"email\", \"address\" - duplicate key value violates unique constraint \"users_email_unique\"","timestamp":"2026-04-01T06:30:49.657Z"}
{"level":"error","message":"Error during user registration : insert into \"users\" (\"address\", \"email\", \"name\", \"password\", \"role\") values (DEFAULT, $1, $2, $3, $4) returning \"id\", \"name\", \"role\", \"email\", \"address\" - duplicate key value violates unique constraint \"users_email_unique\"","timestamp":"2026-04-01T06:31:52.563Z"}
{"level":"error","message":"Brute-force attack detected from IP: ::ffff:127.0.0.1","timestamp":"2026-04-01T06:47:47.869Z"}
{"level":"error","message":"Brute-force attack detected from IP: ::ffff:127.0.0.1","timestamp":"2026-04-01T06:47:47.887Z"}
{"level":"error","message":"Brute-force attack detected from IP: ::ffff:127.0.0.1","timestamp":"2026-04-01T06:47:47.904Z"}
{"level":"error","message":"Error during updateion of items: select * from \"products\" where \"id\" = $1 and \"vendor_id\" = $2 and \"is_active\" = $3 limit $4 - invalid input syntax for type uuid: \"undefined\"","timestamp":"2026-04-01T07:36:43.170Z"}
{"level":"error","message":"Error during updateion of items: select * from \"products\" where \"id\" = $1 and \"vendor_id\" = $2 and \"is_active\" = $3 limit $4 - invalid input syntax for type uuid: \"undefined\"","timestamp":"2026-04-01T07:36:43.222Z"}
{"level":"error","message":"Error during product deletion: select * from \"products\" where \"id\" = $1 and \"vendor_id\" = $2 limit $3 - invalid input syntax for type uuid: \"undefined\"","timestamp":"2026-04-01T07:36:43.269Z"}
{"level":"error","message":"Error during product deletion: select * from \"products\" where \"id\" = $1 and \"vendor_id\" = $2 limit $3 - invalid input syntax for type uuid: \"undefined\"","timestamp":"2026-04-01T07:36:43.316Z"}
{"level":"error","message":"Brute-force attack detected from IP: ::ffff:127.0.0.1","timestamp":"2026-04-01T07:36:47.227Z"}
{"level":"error","message":"Brute-force attack detected from IP: ::ffff:127.0.0.1","timestamp":"2026-04-01T07:36:47.242Z"}
{"level":"error","message":"Brute-force attack detected from IP: ::ffff:127.0.0.1","timestamp":"2026-04-01T07:36:47.254Z"}
{"level":"error","message":"Error during updateion of items: select * from \"products\" where \"id\" = $1 and \"vendor_id\" = $2 and \"is_active\" = $3 limit $4 - invalid input syntax for type uuid: \"undefined\"","timestamp":"2026-04-01T07:38:15.942Z"}
{"level":"error","message":"Error during updateion of items: select * from \"products\" where \"id\" = $1 and \"vendor_id\" = $2 and \"is_active\" = $3 limit $4 - invalid input syntax for type uuid: \"undefined\"","timestamp":"2026-04-01T07:38:16.008Z"}
{"level":"error","message":"Error during product deletion: select * from \"products\" where \"id\" = $1 and \"vendor_id\" = $2 limit $3 - invalid input syntax for type uuid: \"undefined\"","timestamp":"2026-04-01T07:38:16.118Z"}
{"level":"error","message":"Error during product deletion: select * from \"products\" where \"id\" = $1 and \"vendor_id\" = $2 limit $3 - invalid input syntax for type uuid: \"undefined\"","timestamp":"2026-04-01T07:38:16.208Z"}
{"level":"error","message":"Error during updateion of items: select * from \"products\" where \"id\" = $1 and \"vendor_id\" = $2 and \"is_active\" = $3 limit $4 - invalid input syntax for type uuid: \"undefined\"","timestamp":"2026-04-01T07:44:05.595Z"}
{"level":"error","message":"Error during updateion of items: select * from \"products\" where \"id\" = $1 and \"vendor_id\" = $2 and \"is_active\" = $3 limit $4 - invalid input syntax for type uuid: \"undefined\"","timestamp":"2026-04-01T07:44:05.642Z"}
{"level":"error","message":"Error during product deletion: select * from \"products\" where \"id\" = $1 and \"vendor_id\" = $2 limit $3 - invalid input syntax for type uuid: \"undefined\"","timestamp":"2026-04-01T07:44:05.688Z"}
{"level":"error","message":"Error during product deletion: select * from \"products\" where \"id\" = $1 and \"vendor_id\" = $2 limit $3 - invalid input syntax for type uuid: \"undefined\"","timestamp":"2026-04-01T07:44:05.730Z"}
{"level":"error","message":"Error during updateion of items: select * from \"products\" where \"id\" = $1 and \"vendor_id\" = $2 and \"is_active\" = $3 limit $4 - invalid input syntax for type uuid: \"undefined\"","timestamp":"2026-04-01T07:46:20.095Z"}
{"level":"error","message":"Error during updateion of items: select * from \"products\" where \"id\" = $1 and \"vendor_id\" = $2 and \"is_active\" = $3 limit $4 - invalid input syntax for type uuid: \"undefined\"","timestamp":"2026-04-01T07:46:20.158Z"}
{"level":"error","message":"Error during product deletion: select * from \"products\" where \"id\" = $1 and \"vendor_id\" = $2 limit $3 - invalid input syntax for type uuid: \"undefined\"","timestamp":"2026-04-01T07:46:20.212Z"}
{"level":"error","message":"Error during product deletion: select * from \"products\" where \"id\" = $1 and \"vendor_id\" = $2 limit $3 - invalid input syntax for type uuid: \"undefined\"","timestamp":"2026-04-01T07:46:20.275Z"}
{"level":"error","message":"Error during updateion of items: select * from \"products\" where \"id\" = $1 and \"vendor_id\" = $2 and \"is_active\" = $3 limit $4 - invalid input syntax for type uuid: \"undefined\"","timestamp":"2026-04-01T07:54:45.065Z"}
{"level":"error","message":"Error during updateion of items: select * from \"products\" where \"id\" = $1 and \"vendor_id\" = $2 and \"is_active\" = $3 limit $4 - invalid input syntax for type uuid: \"undefined\"","timestamp":"2026-04-01T07:54:45.113Z"}
{"level":"error","message":"Error during product deletion: select * from \"products\" where \"id\" = $1 and \"vendor_id\" = $2 limit $3 - invalid input syntax for type uuid: \"undefined\"","timestamp":"2026-04-01T07:54:45.155Z"}
{"level":"error","message":"Error during product deletion: select * from \"products\" where \"id\" = $1 and \"vendor_id\" = $2 limit $3 - invalid input syntax for type uuid: \"undefined\"","timestamp":"2026-04-01T07:54:45.196Z"}
{"level":"error","message":"Error during updateion of items: select * from \"products\" where \"id\" = $1 and \"vendor_id\" = $2 and \"is_active\" = $3 limit $4 - invalid input syntax for type uuid: \"undefined\"","timestamp":"2026-04-01T12:04:34.318Z"}
{"level":"error","message":"Error during updateion of items: select * from \"products\" where \"id\" = $1 and \"vendor_id\" = $2 and \"is_active\" = $3 limit $4 - invalid input syntax for type uuid: \"undefined\"","timestamp":"2026-04-01T12:04:34.345Z"}
{"level":"error","message":"Error during product deletion: select * from \"products\" where \"id\" = $1 and \"vendor_id\" = $2 limit $3 - invalid input syntax for type uuid: \"undefined\"","timestamp":"2026-04-01T12:04:34.362Z"}
{"level":"error","message":"Error during product deletion: select * from \"products\" where \"id\" = $1 and \"vendor_id\" = $2 limit $3 - invalid input syntax for type uuid: \"undefined\"","timestamp":"2026-04-01T12:04:34.381Z"}
{"level":"error","message":"Error during product creation: insert into \"products\" (\"description\", \"name\", \"price\", \"stock\", \"vendor_id\") values ($1, $2, $3, $4, $5) returning * - insert or update on table \"products\" violates foreign key constraint \"products_vendor_id_foreign\"","timestamp":"2026-04-01T12:07:50.853Z"}
{"level":"error","message":"Failed to create order for user e7162c34-7369-4e38-b0b3-2ff02964714b: insert into \"orders\" (\"shipping_address\", \"status\", \"total\", \"user_id\") values ($1, $2, $3, $4) returning * - insert or update on table \"orders\" violates foreign key constraint \"orders_user_id_foreign\"","timestamp":"2026-04-01T17:38:05.223Z"}
{"level":"error","message":"Failed to add order item for user f39ad291-0507-4be9-860a-b53b18976a08: select * from \"orders\" where \"id\" = $1 and \"user_id\" = $2 - invalid input syntax for type uuid: \"undefined\"","timestamp":"2026-04-01T17:40:57.766Z"}
{"level":"error","message":"Failed to add order items for user f39ad291-0507-4be9-860a-b53b18976a08: select * from \"orders\" where \"id\" = $1 and \"user_id\" = $2 - invalid input syntax for type uuid: \"undefined\"","timestamp":"2026-04-01T17:40:57.816Z"}
{"level":"error","message":"Failed to fetch order item for user f39ad291-0507-4be9-860a-b53b18976a08: select \"id\", \"order_id\", \"product_id\", \"quantity\", \"price\", \"created_at\" from \"order_items\" where \"order_id\" = $1 - invalid input syntax for type uuid: \"undefined\"","timestamp":"2026-04-01T17:40:57.835Z"}
{"level":"error","message":"Failed to add order item for user f39ad291-0507-4be9-860a-b53b18976a08: select * from \"orders\" where \"id\" = $1 and \"user_id\" = $2 - invalid input syntax for type uuid: \"undefined\"","timestamp":"2026-04-01T17:40:57.871Z"}
{"level":"error","message":"Failed to add order item for user f39ad291-0507-4be9-860a-b53b18976a08: select * from \"orders\" where \"id\" = $1 and \"user_id\" = $2 - invalid input syntax for type uuid: \"undefined\"","timestamp":"2026-04-01T17:40:57.889Z"}
{"level":"error","message":"Failed to add order item for user f39ad291-0507-4be9-860a-b53b18976a08: select * from \"orders\" where \"id\" = $1 and \"user_id\" = $2 - invalid input syntax for type uuid: \"undefined\"","timestamp":"2026-04-01T17:40:57.912Z"}
{"level":"error","message":"Failed to add order item for user f39ad291-0507-4be9-860a-b53b18976a08: select * from \"orders\" where \"id\" = $1 and \"user_id\" = $2 - invalid input syntax for type uuid: \"undefined\"","timestamp":"2026-04-01T17:40:57.934Z"}
{"level":"error","message":"Failed to add order item for user 5c9f9cfb-7dd2-4a9f-8555-4d460fd8cc15: select * from \"orders\" where \"id\" = $1 and \"user_id\" = $2 - invalid input syntax for type uuid: \"[object Object]\"","timestamp":"2026-04-01T17:41:35.666Z"}
{"level":"error","message":"Failed to add order items for user 5c9f9cfb-7dd2-4a9f-8555-4d460fd8cc15: select * from \"orders\" where \"id\" = $1 and \"user_id\" = $2 - invalid input syntax for type uuid: \"[object Object]\"","timestamp":"2026-04-01T17:41:35.714Z"}
{"level":"error","message":"Failed to fetch order item for user 5c9f9cfb-7dd2-4a9f-8555-4d460fd8cc15: select \"id\", \"order_id\", \"product_id\", \"quantity\", \"price\", \"created_at\" from \"order_items\" where \"order_id\" = $1 - invalid input syntax for type uuid: \"[object Object]\"","timestamp":"2026-04-01T17:41:35.733Z"}
{"level":"error","message":"Failed to add order item for user 5c9f9cfb-7dd2-4a9f-8555-4d460fd8cc15: select * from \"orders\" where \"id\" = $1 and \"user_id\" = $2 - invalid input syntax for type uuid: \"[object Object]\"","timestamp":"2026-04-01T17:41:35.773Z"}
{"level":"error","message":"Failed to add order item for user 5c9f9cfb-7dd2-4a9f-8555-4d460fd8cc15: select * from \"orders\" where \"id\" = $1 and \"user_id\" = $2 - invalid input syntax for type uuid: \"[object Object]\"","timestamp":"2026-04-01T17:41:35.791Z"}
{"level":"error","message":"Failed to add order item for user 5c9f9cfb-7dd2-4a9f-8555-4d460fd8cc15: select * from \"orders\" where \"id\" = $1 and \"user_id\" = $2 - invalid input syntax for type uuid: \"[object Object]\"","timestamp":"2026-04-01T17:41:35.810Z"}
{"level":"error","message":"Failed to add order item for user 5c9f9cfb-7dd2-4a9f-8555-4d460fd8cc15: select * from \"orders\" where \"id\" = $1 and \"user_id\" = $2 - invalid input syntax for type uuid: \"[object Object]\"","timestamp":"2026-04-01T17:41:35.828Z"}
{"level":"error","message":"Failed to add order item for user 7b11f8fa-2696-4a86-be44-48e2631bcc76: select * from \"orders\" where \"id\" = $1 and \"user_id\" = $2 - invalid input syntax for type uuid: \"[object Object]\"","timestamp":"2026-04-01T17:42:15.831Z"}
{"level":"error","message":"Failed to add order items for user 7b11f8fa-2696-4a86-be44-48e2631bcc76: select * from \"orders\" where \"id\" = $1 and \"user_id\" = $2 - invalid input syntax for type uuid: \"[object Object]\"","timestamp":"2026-04-01T17:42:15.886Z"}
{"level":"error","message":"Failed to fetch order item for user 7b11f8fa-2696-4a86-be44-48e2631bcc76: select \"id\", \"order_id\", \"product_id\", \"quantity\", \"price\", \"created_at\" from \"order_items\" where \"order_id\" = $1 - invalid input syntax for type uuid: \"[object Object]\"","timestamp":"2026-04-01T17:42:15.909Z"}
{"level":"error","message":"Failed to add order item for user 7b11f8fa-2696-4a86-be44-48e2631bcc76: select * from \"orders\" where \"id\" = $1 and \"user_id\" = $2 - invalid input syntax for type uuid: \"[object Object]\"","timestamp":"2026-04-01T17:42:15.949Z"}
{"level":"error","message":"Failed to add order item for user 7b11f8fa-2696-4a86-be44-48e2631bcc76: select * from \"orders\" where \"id\" = $1 and \"user_id\" = $2 - invalid input syntax for type uuid: \"[object Object]\"","timestamp":"2026-04-01T17:42:15.971Z"}
{"level":"error","message":"Failed to add order item for user 7b11f8fa-2696-4a86-be44-48e2631bcc76: select * from \"orders\" where \"id\" = $1 and \"user_id\" = $2 - invalid input syntax for type uuid: \"[object Object]\"","timestamp":"2026-04-01T17:42:15.992Z"}
{"level":"error","message":"Failed to add order item for user 7b11f8fa-2696-4a86-be44-48e2631bcc76: select * from \"orders\" where \"id\" = $1 and \"user_id\" = $2 - invalid input syntax for type uuid: \"[object Object]\"","timestamp":"2026-04-01T17:42:16.013Z"}
{"level":"error","message":"Brute-force attack detected from IP: ::ffff:127.0.0.1","timestamp":"2026-04-01T18:12:08.287Z"}
{"level":"error","message":"Brute-force attack detected from IP: ::ffff:127.0.0.1","timestamp":"2026-04-01T18:12:08.295Z"}
{"level":"error","message":"Brute-force attack detected from IP: ::ffff:127.0.0.1","timestamp":"2026-04-01T18:12:08.303Z"}
